<?xml version="1.1" encoding="UTF-8"?>
<testsuite name="jmodern.MainTest" tests="1" failures="0" errors="0" timestamp="2014-05-04T07:49:40" hostname="Kevins-MacBook-Pro.local" time="0.005">
  <properties/>
  <testcase name="testTriple" classname="jmodern.MainTest" time="0.005"/>
  <system-out><![CDATA[]]></system-out>
  <system-err><![CDATA[]]></system-err>
</testsuite>
